  Header.cpp
C:\Users\User\source\repos\strings\strings\Header.cpp(55,62): warning C4566: character represented by universal-character-name '\u00A3' cannot be represented in the current code page (1251)
C:\Users\User\source\repos\strings\strings\Header.cpp(72,13): warning C4566: character represented by universal-character-name '\u00A3' cannot be represented in the current code page (1251)
C:\Users\User\source\repos\strings\strings\Header.cpp(84,47): warning C4566: character represented by universal-character-name '\u00A3' cannot be represented in the current code page (1251)
C:\Users\User\source\repos\strings\strings\Header.cpp(101,13): warning C4566: character represented by universal-character-name '\u00A3' cannot be represented in the current code page (1251)
C:\Users\User\source\repos\strings\strings\Header.cpp(113,47): warning C4566: character represented by universal-character-name '\u00A3' cannot be represented in the current code page (1251)
C:\Users\User\source\repos\strings\strings\Header.cpp(128,11): warning C4566: character represented by universal-character-name '\u221A' cannot be represented in the current code page (1251)
C:\Users\User\source\repos\strings\strings\Header.cpp(129,11): warning C4566: character represented by universal-character-name '\u221A' cannot be represented in the current code page (1251)
C:\Users\User\source\repos\strings\strings\Header.cpp(130,13): warning C4566: character represented by universal-character-name '\u00A3' cannot be represented in the current code page (1251)
C:\Users\User\source\repos\strings\strings\Header.cpp(142,47): warning C4566: character represented by universal-character-name '\u00A3' cannot be represented in the current code page (1251)
C:\Users\User\source\repos\strings\strings\Header.cpp(161,13): warning C4566: character represented by universal-character-name '\u00A3' cannot be represented in the current code page (1251)
C:\Users\User\source\repos\strings\strings\Header.cpp(173,47): warning C4566: character represented by universal-character-name '\u00A3' cannot be represented in the current code page (1251)
C:\Users\User\source\repos\strings\strings\Header.cpp(177,92): warning C4566: character represented by universal-character-name '\u00A3' cannot be represented in the current code page (1251)
C:\Users\User\source\repos\strings\strings\Header.cpp(190,13): warning C4566: character represented by universal-character-name '\u00A3' cannot be represented in the current code page (1251)
C:\Users\User\source\repos\strings\strings\Header.cpp(202,47): warning C4566: character represented by universal-character-name '\u00A3' cannot be represented in the current code page (1251)
C:\Users\User\source\repos\strings\strings\Header.cpp(206,92): warning C4566: character represented by universal-character-name '\u00A3' cannot be represented in the current code page (1251)
C:\Users\User\source\repos\strings\strings\Header.cpp(215,10): warning C4566: character represented by universal-character-name '\u200B' cannot be represented in the current code page (1251)
C:\Users\User\source\repos\strings\strings\Header.cpp(220,13): warning C4566: character represented by universal-character-name '\u00A3' cannot be represented in the current code page (1251)
C:\Users\User\source\repos\strings\strings\Header.cpp(232,47): warning C4566: character represented by universal-character-name '\u00A3' cannot be represented in the current code page (1251)
C:\Users\User\source\repos\strings\strings\Header.cpp(236,92): warning C4566: character represented by universal-character-name '\u00A3' cannot be represented in the current code page (1251)
C:\Users\User\source\repos\strings\strings\Header.cpp(251,13): warning C4566: character represented by universal-character-name '\u00A3' cannot be represented in the current code page (1251)
C:\Users\User\source\repos\strings\strings\Header.cpp(261,17): warning C4566: character represented by universal-character-name '\u00B2' cannot be represented in the current code page (1251)
C:\Users\User\source\repos\strings\strings\Header.cpp(263,47): warning C4566: character represented by universal-character-name '\u00A3' cannot be represented in the current code page (1251)
C:\Users\User\source\repos\strings\strings\Header.cpp(267,92): warning C4566: character represented by universal-character-name '\u00A3' cannot be represented in the current code page (1251)
C:\Users\User\source\repos\strings\strings\Header.cpp(281,13): warning C4566: character represented by universal-character-name '\u00A3' cannot be represented in the current code page (1251)
C:\Users\User\source\repos\strings\strings\Header.cpp(295,47): warning C4566: character represented by universal-character-name '\u00A3' cannot be represented in the current code page (1251)
C:\Users\User\source\repos\strings\strings\Header.cpp(299,89): warning C4566: character represented by universal-character-name '\u00A3' cannot be represented in the current code page (1251)
C:\Users\User\source\repos\strings\strings\Header.cpp(312,13): warning C4566: character represented by universal-character-name '\u00A3' cannot be represented in the current code page (1251)
C:\Users\User\source\repos\strings\strings\Header.cpp(324,47): warning C4566: character represented by universal-character-name '\u00A3' cannot be represented in the current code page (1251)
C:\Users\User\source\repos\strings\strings\Header.cpp(328,89): warning C4566: character represented by universal-character-name '\u00A3' cannot be represented in the current code page (1251)
C:\Users\User\source\repos\strings\strings\Header.cpp(342,13): warning C4566: character represented by universal-character-name '\u00A3' cannot be represented in the current code page (1251)
C:\Users\User\source\repos\strings\strings\Header.cpp(356,47): warning C4566: character represented by universal-character-name '\u00A3' cannot be represented in the current code page (1251)
C:\Users\User\source\repos\strings\strings\Header.cpp(360,89): warning C4566: character represented by universal-character-name '\u00A3' cannot be represented in the current code page (1251)
C:\Users\User\source\repos\strings\strings\Header.cpp(373,13): warning C4566: character represented by universal-character-name '\u00A3' cannot be represented in the current code page (1251)
C:\Users\User\source\repos\strings\strings\Header.cpp(385,47): warning C4566: character represented by universal-character-name '\u00A3' cannot be represented in the current code page (1251)
C:\Users\User\source\repos\strings\strings\Header.cpp(389,89): warning C4566: character represented by universal-character-name '\u00A3' cannot be represented in the current code page (1251)
C:\Users\User\source\repos\strings\strings\Header.cpp(402,13): warning C4566: character represented by universal-character-name '\u00A3' cannot be represented in the current code page (1251)
C:\Users\User\source\repos\strings\strings\Header.cpp(419,116): warning C4566: character represented by universal-character-name '\u00A3' cannot be represented in the current code page (1251)
C:\Users\User\source\repos\strings\strings\Header.cpp(433,13): warning C4566: character represented by universal-character-name '\u00A3' cannot be represented in the current code page (1251)
C:\Users\User\source\repos\strings\strings\Header.cpp(443,90): warning C4566: character represented by universal-character-name '\u00A3' cannot be represented in the current code page (1251)
C:\Users\User\source\repos\strings\strings\Header.cpp(464,92): warning C4566: character represented by universal-character-name '\u00A3' cannot be represented in the current code page (1251)
C:\Users\User\source\repos\strings\strings\Header.cpp(477,13): warning C4566: character represented by universal-character-name '\u00A3' cannot be represented in the current code page (1251)
C:\Users\User\source\repos\strings\strings\Header.cpp(488,89): warning C4566: character represented by universal-character-name '\u00A3' cannot be represented in the current code page (1251)
C:\Users\User\source\repos\strings\strings\Header.cpp(519,16): warning C4566: character represented by universal-character-name '\u00A3' cannot be represented in the current code page (1251)
  strings.cpp
  Generating Code...
  strings.vcxproj -> C:\Users\User\source\repos\strings\Debug\strings.exe
